This is pdfTeX, Version 3.14159265-2.6-1.40.16 (TeX Live 2015) (preloaded format=pdflatex 2016.3.16)  8 MAR 2017 13:02
entering extended mode
 restricted \write18 enabled.
 %&-line parsing enabled.
**REPORT.tex
(./REPORT.tex
LaTeX2e <2015/01/01>
Babel <3.9l> and hyphenation patterns for 79 languages loaded.
(/usr/local/texlive/2015/texmf-dist/tex/latex/base/article.cls
Document Class: article 2014/09/29 v1.4h Standard LaTeX document class
(/usr/local/texlive/2015/texmf-dist/tex/latex/base/size12.clo
File: size12.clo 2014/09/29 v1.4h Standard LaTeX file (size option)
)
\c@part=\count79
\c@section=\count80
\c@subsection=\count81
\c@subsubsection=\count82
\c@paragraph=\count83
\c@subparagraph=\count84
\c@figure=\count85
\c@table=\count86
\abovecaptionskip=\skip41
\belowcaptionskip=\skip42
\bibindent=\dimen102
)
(/usr/local/texlive/2015/texmf-dist/tex/latex/graphics/graphicx.sty
Package: graphicx 2014/10/28 v1.0g Enhanced LaTeX Graphics (DPC,SPQR)

(/usr/local/texlive/2015/texmf-dist/tex/latex/graphics/keyval.sty
Package: keyval 2014/10/28 v1.15 key=value parser (DPC)
\KV@toks@=\toks14
)
(/usr/local/texlive/2015/texmf-dist/tex/latex/graphics/graphics.sty
Package: graphics 2014/10/28 v1.0p Standard LaTeX Graphics (DPC,SPQR)

(/usr/local/texlive/2015/texmf-dist/tex/latex/graphics/trig.sty
Package: trig 1999/03/16 v1.09 sin cos tan (DPC)
)
(/usr/local/texlive/2015/texmf-dist/tex/latex/latexconfig/graphics.cfg
File: graphics.cfg 2010/04/23 v1.9 graphics configuration of TeX Live
)
Package graphics Info: Driver file: pdftex.def on input line 94.

(/usr/local/texlive/2015/texmf-dist/tex/latex/pdftex-def/pdftex.def
File: pdftex.def 2011/05/27 v0.06d Graphics/color for pdfTeX

(/usr/local/texlive/2015/texmf-dist/tex/generic/oberdiek/infwarerr.sty
Package: infwarerr 2010/04/08 v1.3 Providing info/warning/error messages (HO)
)
(/usr/local/texlive/2015/texmf-dist/tex/generic/oberdiek/ltxcmds.sty
Package: ltxcmds 2011/11/09 v1.22 LaTeX kernel commands for general use (HO)
)
\Gread@gobject=\count87
))
\Gin@req@height=\dimen103
\Gin@req@width=\dimen104
)
(./REPORT.aux)
\openout1 = `REPORT.aux'.

LaTeX Font Info:    Checking defaults for OML/cmm/m/it on input line 11.
LaTeX Font Info:    ... okay on input line 11.
LaTeX Font Info:    Checking defaults for T1/cmr/m/n on input line 11.
LaTeX Font Info:    ... okay on input line 11.
LaTeX Font Info:    Checking defaults for OT1/cmr/m/n on input line 11.
LaTeX Font Info:    ... okay on input line 11.
LaTeX Font Info:    Checking defaults for OMS/cmsy/m/n on input line 11.
LaTeX Font Info:    ... okay on input line 11.
LaTeX Font Info:    Checking defaults for OMX/cmex/m/n on input line 11.
LaTeX Font Info:    ... okay on input line 11.
LaTeX Font Info:    Checking defaults for U/cmr/m/n on input line 11.
LaTeX Font Info:    ... okay on input line 11.

(/usr/local/texlive/2015/texmf-dist/tex/context/base/supp-pdf.mkii
[Loading MPS to PDF converter (version 2006.09.02).]
\scratchcounter=\count88
\scratchdimen=\dimen105
\scratchbox=\box26
\nofMPsegments=\count89
\nofMParguments=\count90
\everyMPshowfont=\toks15
\MPscratchCnt=\count91
\MPscratchDim=\dimen106
\MPnumerator=\count92
\makeMPintoPDFobject=\count93
\everyMPtoPDFconversion=\toks16
) (/usr/local/texlive/2015/texmf-dist/tex/generic/oberdiek/pdftexcmds.sty
Package: pdftexcmds 2011/11/29 v0.20 Utility functions of pdfTeX for LuaTeX (HO
)

(/usr/local/texlive/2015/texmf-dist/tex/generic/oberdiek/ifluatex.sty
Package: ifluatex 2010/03/01 v1.3 Provides the ifluatex switch (HO)
Package ifluatex Info: LuaTeX not detected.
)
(/usr/local/texlive/2015/texmf-dist/tex/generic/oberdiek/ifpdf.sty
Package: ifpdf 2011/01/30 v2.3 Provides the ifpdf switch (HO)
Package ifpdf Info: pdfTeX in PDF mode is detected.
)
Package pdftexcmds Info: LuaTeX not detected.
Package pdftexcmds Info: \pdf@primitive is available.
Package pdftexcmds Info: \pdf@ifprimitive is available.
Package pdftexcmds Info: \pdfdraftmode found.
)
(/usr/local/texlive/2015/texmf-dist/tex/latex/oberdiek/epstopdf-base.sty
Package: epstopdf-base 2010/02/09 v2.5 Base part for package epstopdf

(/usr/local/texlive/2015/texmf-dist/tex/latex/oberdiek/grfext.sty
Package: grfext 2010/08/19 v1.1 Manage graphics extensions (HO)

(/usr/local/texlive/2015/texmf-dist/tex/generic/oberdiek/kvdefinekeys.sty
Package: kvdefinekeys 2011/04/07 v1.3 Define keys (HO)
))
(/usr/local/texlive/2015/texmf-dist/tex/latex/oberdiek/kvoptions.sty
Package: kvoptions 2011/06/30 v3.11 Key value format for package options (HO)

(/usr/local/texlive/2015/texmf-dist/tex/generic/oberdiek/kvsetkeys.sty
Package: kvsetkeys 2012/04/25 v1.16 Key value parser (HO)

(/usr/local/texlive/2015/texmf-dist/tex/generic/oberdiek/etexcmds.sty
Package: etexcmds 2011/02/16 v1.5 Avoid name clashes with e-TeX commands (HO)
Package etexcmds Info: Could not find \expanded.
(etexcmds)             That can mean that you are not using pdfTeX 1.50 or
(etexcmds)             that some package has redefined \expanded.
(etexcmds)             In the latter case, load this package earlier.
)))
Package grfext Info: Graphics extension search list:
(grfext)             [.png,.pdf,.jpg,.mps,.jpeg,.jbig2,.jb2,.PNG,.PDF,.JPG,.JPE
G,.JBIG2,.JB2,.eps]
(grfext)             \AppendGraphicsExtensions on input line 452.

(/usr/local/texlive/2015/texmf-dist/tex/latex/latexconfig/epstopdf-sys.cfg
File: epstopdf-sys.cfg 2010/07/13 v1.3 Configuration of (r)epstopdf for TeX Liv
e
))
LaTeX Font Info:    External font `cmex10' loaded for size
(Font)              <14.4> on input line 12.
LaTeX Font Info:    External font `cmex10' loaded for size
(Font)              <7> on input line 12.

<Images/001Step1.png, id=1, 1284.8pt x 803.0pt>
File: Images/001Step1.png Graphic file (type png)
 <use Images/001Step1.png>
Package pdftex.def Info: Images/001Step1.png used on input line 30.
(pdftex.def)             Requested size: 284.52756pt x 177.82455pt.

<Images/017Step1.png, id=3, 1284.8pt x 803.0pt>
File: Images/017Step1.png Graphic file (type png)
 <use Images/017Step1.png>
Package pdftex.def Info: Images/017Step1.png used on input line 31.
(pdftex.def)             Requested size: 284.52756pt x 177.82455pt.

<Images/223Step1.png, id=4, 1284.8pt x 803.0pt>
File: Images/223Step1.png Graphic file (type png)
 <use Images/223Step1.png>
Package pdftex.def Info: Images/223Step1.png used on input line 32.
(pdftex.def)             Requested size: 284.52756pt x 177.82455pt.

Underfull \hbox (badness 10000) in paragraph at lines 28--33

 []

[1

{/usr/local/texlive/2015/texmf-var/fonts/map/pdftex/updmap/pdftex.map}]
[2 <./Images/001Step1.png> <./Images/017Step1.png> <./Images/223Step1.png>]
<Images/001Step2.png, id=19, 1284.8pt x 803.0pt>
File: Images/001Step2.png Graphic file (type png)
 <use Images/001Step2.png>
Package pdftex.def Info: Images/001Step2.png used on input line 37.
(pdftex.def)             Requested size: 284.52756pt x 177.82455pt.

<Images/017Step2.png, id=20, 1284.8pt x 803.0pt>
File: Images/017Step2.png Graphic file (type png)
 <use Images/017Step2.png>
Package pdftex.def Info: Images/017Step2.png used on input line 38.
(pdftex.def)             Requested size: 284.52756pt x 177.82455pt.

<Images/223Step2.png, id=21, 1284.8pt x 803.0pt>
File: Images/223Step2.png Graphic file (type png)
 <use Images/223Step2.png>
Package pdftex.def Info: Images/223Step2.png used on input line 39.
(pdftex.def)             Requested size: 284.52756pt x 177.82455pt.

Underfull \hbox (badness 10000) in paragraph at lines 34--40

 []

[3 <./Images/001Step2.png> <./Images/017Step2.png>]
<Images/001Step3.png, id=27, 1284.8pt x 803.0pt>
File: Images/001Step3.png Graphic file (type png)
 <use Images/001Step3.png>
Package pdftex.def Info: Images/001Step3.png used on input line 44.
(pdftex.def)             Requested size: 284.52756pt x 177.82455pt.

<Images/017Step3.png, id=28, 1284.8pt x 803.0pt>
File: Images/017Step3.png Graphic file (type png)
 <use Images/017Step3.png>
Package pdftex.def Info: Images/017Step3.png used on input line 45.
(pdftex.def)             Requested size: 284.52756pt x 177.82455pt.

<Images/223Step3.png, id=29, 1284.8pt x 803.0pt>
File: Images/223Step3.png Graphic file (type png)
 <use Images/223Step3.png>
Package pdftex.def Info: Images/223Step3.png used on input line 46.
(pdftex.def)             Requested size: 284.52756pt x 177.82455pt.

Underfull \hbox (badness 10000) in paragraph at lines 41--47

 []

[4 <./Images/223Step2.png> <./Images/001Step3.png>]
<Images/001Step4.png, id=35, 1284.8pt x 803.0pt>
File: Images/001Step4.png Graphic file (type png)
 <use Images/001Step4.png>
Package pdftex.def Info: Images/001Step4.png used on input line 54.
(pdftex.def)             Requested size: 284.52756pt x 177.82455pt.

<Images/017Step4.png, id=36, 1284.8pt x 803.0pt>
File: Images/017Step4.png Graphic file (type png)
 <use Images/017Step4.png>
Package pdftex.def Info: Images/017Step4.png used on input line 55.
(pdftex.def)             Requested size: 284.52756pt x 177.82455pt.

<Images/223Step4.png, id=37, 1284.8pt x 803.0pt>
File: Images/223Step4.png Graphic file (type png)
 <use Images/223Step4.png>
Package pdftex.def Info: Images/223Step4.png used on input line 56.
(pdftex.def)             Requested size: 284.52756pt x 177.82455pt.

Underfull \hbox (badness 10000) in paragraph at lines 48--57

 []

[5 <./Images/017Step3.png> <./Images/223Step3.png>] [6 <./Images/001Step4.png> 
<./Images/017Step4.png> <./Images/223Step4.png>]
<Images/001Step5.png, id=49, 1284.8pt x 803.0pt>
File: Images/001Step5.png Graphic file (type png)
 <use Images/001Step5.png>
Package pdftex.def Info: Images/001Step5.png used on input line 67.
(pdftex.def)             Requested size: 284.52756pt x 177.82455pt.

<Images/017Step5.png, id=50, 1284.8pt x 803.0pt>
File: Images/017Step5.png Graphic file (type png)
 <use Images/017Step5.png>
Package pdftex.def Info: Images/017Step5.png used on input line 68.
(pdftex.def)             Requested size: 284.52756pt x 177.82455pt.

<Images/223Step5.png, id=51, 1284.8pt x 803.0pt>
File: Images/223Step5.png Graphic file (type png)
 <use Images/223Step5.png>
Package pdftex.def Info: Images/223Step5.png used on input line 69.
(pdftex.def)             Requested size: 284.52756pt x 177.82455pt.

Underfull \hbox (badness 10000) in paragraph at lines 58--70

 []

[7 <./Images/001Step5.png> <./Images/017Step5.png>]
<Images/001Step6.png, id=58, 1284.8pt x 803.0pt>
File: Images/001Step6.png Graphic file (type png)
 <use Images/001Step6.png>
Package pdftex.def Info: Images/001Step6.png used on input line 73.
(pdftex.def)             Requested size: 284.52756pt x 177.82455pt.

<Images/017Step6.png, id=59, 1284.8pt x 803.0pt>
File: Images/017Step6.png Graphic file (type png)
 <use Images/017Step6.png>
Package pdftex.def Info: Images/017Step6.png used on input line 74.
(pdftex.def)             Requested size: 284.52756pt x 177.82455pt.

<Images/223Step6.png, id=60, 1284.8pt x 803.0pt>
File: Images/223Step6.png Graphic file (type png)
 <use Images/223Step6.png>
Package pdftex.def Info: Images/223Step6.png used on input line 75.
(pdftex.def)             Requested size: 284.52756pt x 177.82455pt.

Underfull \hbox (badness 10000) in paragraph at lines 71--76

 []

[8 <./Images/223Step5.png> <./Images/001Step6.png>] [9 <./Images/017Step6.png> 
<./Images/223Step6.png>]
<Images/001PROGRAM.png, id=71, 501.875pt x 531.9875pt>
File: Images/001PROGRAM.png Graphic file (type png)

<use Images/001PROGRAM.png>
Package pdftex.def Info: Images/001PROGRAM.png used on input line 93.
(pdftex.def)             Requested size: 199.16928pt x 211.11903pt.

<Images/001LABELED.png, id=72, 501.875pt x 531.9875pt>
File: Images/001LABELED.png Graphic file (type png)

<use Images/001LABELED.png>
Package pdftex.def Info: Images/001LABELED.png used on input line 94.
(pdftex.def)             Requested size: 199.16928pt x 211.11903pt.
 [10 <./Images/001PROGRAM.png (PNG copy)> <./Images/001LABELED.png>] <Images/01
7PROGRAM.png, id=77, 531.9875pt x 567.11874pt>
File: Images/017PROGRAM.png Graphic file (type png)

<use Images/017PROGRAM.png>
Package pdftex.def Info: Images/017PROGRAM.png used on input line 98.
(pdftex.def)             Requested size: 199.16928pt x 212.31421pt.

<Images/017LABELED.png, id=78, 531.9875pt x 567.11874pt>
File: Images/017LABELED.png Graphic file (type png)

<use Images/017LABELED.png>
Package pdftex.def Info: Images/017LABELED.png used on input line 99.
(pdftex.def)             Requested size: 199.16928pt x 212.31421pt.

<Images/223PROGRAM.png, id=79, 2457.18pt x 2055.68pt>
File: Images/223PROGRAM.png Graphic file (type png)

<use Images/223PROGRAM.png>
Package pdftex.def Info: Images/223PROGRAM.png used on input line 103.
(pdftex.def)             Requested size: 199.16928pt x 166.62209pt.

<Images/223LABELED.png, id=80, 2457.18pt x 2055.68pt>
File: Images/223LABELED.png Graphic file (type png)

<use Images/223LABELED.png>
Package pdftex.def Info: Images/223LABELED.png used on input line 104.
(pdftex.def)             Requested size: 199.16928pt x 166.62209pt.
 [11 <./Images/017PROGRAM.png (PNG copy)> <./Images/017LABELED.png>] [12 <./Ima
ges/223PROGRAM.png (PNG copy)> <./Images/223LABELED.png>] [13] (./REPORT.aux) )
 
Here is how much of TeX's memory you used:
 1593 strings out of 493089
 23891 string characters out of 6134842
 80307 words of memory out of 5000000
 5070 multiletter control sequences out of 15000+600000
 6370 words of font info for 23 fonts, out of 8000000 for 9000
 1141 hyphenation exceptions out of 8191
 37i,6n,23p,244b,201s stack positions out of 5000i,500n,10000p,200000b,80000s
</usr/local/texlive/2015/texmf-dist/fonts/type1/public/amsfonts/cm/cmbx12.pfb><
/usr/local/texlive/2015/texmf-dist/fonts/type1/public/amsfonts/cm/cmr12.pfb></u
sr/local/texlive/2015/texmf-dist/fonts/type1/public/amsfonts/cm/cmr17.pfb>
Output written on REPORT.pdf (13 pages, 3073814 bytes).
PDF statistics:
 105 PDF objects out of 1000 (max. 8388607)
 41 compressed objects within 1 object stream
 0 named destinations out of 1000 (max. 500000)
 121 words of extra memory for PDF output out of 10000 (max. 10000000)

